[35m[1mConsolidate compiler generated dependencies of target b_obstacle_detector_node[0m
[ 33%] [32mBuilding CXX object CMakeFiles/b_obstacle_detector_node.dir/src/b_obstacle_detector.cpp.o[0m
[01m[K/home/user/ws/src/chibi24_b/b_obstacle_detector/src/b_obstacle_detector.cpp:[m[K In member function ‘[01m[Kvoid ObstacleDetector::scan_obstacle()[m[K’:
[01m[K/home/user/ws/src/chibi24_b/b_obstacle_detector/src/b_obstacle_detector.cpp:75:45:[m[K [01;31m[Kerror: [m[Kno matching function for call to ‘[01m[Kstd::vector<geometry_msgs::msg::Pose_<std::allocator<void> >, std::allocator<geometry_msgs::msg::Pose_<std::allocator<void> > > >::push_back(geometry_msgs::msg::PoseArray&)[m[K’
   75 |         [01;31m[Kobstacle_pose_array_.poses.push_back(obstacle_pose_array_)[m[K;
      |         [01;31m[K~~~~~~~~~~~~~~~~~~~~~~~~~~~~~~~~~~~~^~~~~~~~~~~~~~~~~~~~~~[m[K
In file included from [01m[K/usr/include/c++/11/vector:67[m[K,
                 from [01m[K/usr/include/c++/11/functional:62[m[K,
                 from [01m[K/usr/include/c++/11/pstl/glue_algorithm_defs.h:13[m[K,
                 from [01m[K/usr/include/c++/11/algorithm:74[m[K,
                 from [01m[K/opt/ros/humble/include/rclcpp/rclcpp/executor.hpp:18[m[K,
                 from [01m[K/opt/ros/humble/include/rclcpp/rclcpp/executors/multi_threaded_executor.hpp:25[m[K,
                 from [01m[K/opt/ros/humble/include/rclcpp/rclcpp/executors.hpp:21[m[K,
                 from [01m[K/opt/ros/humble/include/rclcpp/rclcpp/rclcpp.hpp:155[m[K,
                 from [01m[K/home/user/ws/src/chibi24_b/b_obstacle_detector/include/b_obstacle_detector/b_obstacle_detector.hpp:5[m[K,
                 from [01m[K/home/user/ws/src/chibi24_b/b_obstacle_detector/src/b_obstacle_detector.cpp:1[m[K:
[01m[K/usr/include/c++/11/bits/stl_vector.h:1187:7:[m[K [01;36m[Knote: [m[Kcandidate: ‘[01m[Kvoid std::vector<_Tp, _Alloc>::push_back(const value_type&) [with _Tp = geometry_msgs::msg::Pose_<std::allocator<void> >; _Alloc = std::allocator<geometry_msgs::msg::Pose_<std::allocator<void> > >; std::vector<_Tp, _Alloc>::value_type = geometry_msgs::msg::Pose_<std::allocator<void> >][m[K’
 1187 |       [01;36m[Kpush_back[m[K(const value_type& __x)
      |       [01;36m[K^~~~~~~~~[m[K
[01m[K/usr/include/c++/11/bits/stl_vector.h:1187:35:[m[K [01;36m[Knote: [m[K  no known conversion for argument 1 from ‘[01m[Kgeometry_msgs::msg::PoseArray[m[K’ {aka ‘[01m[Kgeometry_msgs::msg::PoseArray_<std::allocator<void> >[m[K’} to ‘[01m[Kconst value_type&[m[K’ {aka ‘[01m[Kconst geometry_msgs::msg::Pose_<std::allocator<void> >&[m[K’}
 1187 |       push_back([01;36m[Kconst value_type& __x[m[K)
      |                 [01;36m[K~~~~~~~~~~~~~~~~~~^~~[m[K
[01m[K/usr/include/c++/11/bits/stl_vector.h:1203:7:[m[K [01;36m[Knote: [m[Kcandidate: ‘[01m[Kvoid std::vector<_Tp, _Alloc>::push_back(std::vector<_Tp, _Alloc>::value_type&&) [with _Tp = geometry_msgs::msg::Pose_<std::allocator<void> >; _Alloc = std::allocator<geometry_msgs::msg::Pose_<std::allocator<void> > >; std::vector<_Tp, _Alloc>::value_type = geometry_msgs::msg::Pose_<std::allocator<void> >][m[K’
 1203 |       [01;36m[Kpush_back[m[K(value_type&& __x)
      |       [01;36m[K^~~~~~~~~[m[K
[01m[K/usr/include/c++/11/bits/stl_vector.h:1203:30:[m[K [01;36m[Knote: [m[K  no known conversion for argument 1 from ‘[01m[Kgeometry_msgs::msg::PoseArray[m[K’ {aka ‘[01m[Kgeometry_msgs::msg::PoseArray_<std::allocator<void> >[m[K’} to ‘[01m[Kstd::vector<geometry_msgs::msg::Pose_<std::allocator<void> >, std::allocator<geometry_msgs::msg::Pose_<std::allocator<void> > > >::value_type&&[m[K’ {aka ‘[01m[Kgeometry_msgs::msg::Pose_<std::allocator<void> >&&[m[K’}
 1203 |       push_back([01;36m[Kvalue_type&& __x[m[K)
      |                 [01;36m[K~~~~~~~~~~~~~^~~[m[K
gmake[2]: *** [CMakeFiles/b_obstacle_detector_node.dir/build.make:76: CMakeFiles/b_obstacle_detector_node.dir/src/b_obstacle_detector.cpp.o] Error 1
gmake[1]: *** [CMakeFiles/Makefile2:137: CMakeFiles/b_obstacle_detector_node.dir/all] Error 2
gmake: *** [Makefile:146: all] Error 2
