[0.199s] Invoking command in '/home/user/ws/src/chibi24_b/build/b_obstacle_detector': CMAKE_PREFIX_PATH=${CMAKE_PREFIX_PATH}:/home/user/ws/install/turtlesim_controller_py:/opt/ros/humble /usr/bin/cmake --build /home/user/ws/src/chibi24_b/build/b_obstacle_detector -- -j8 -l8
[0.309s] [35m[1mConsolidate compiler generated dependencies of target b_obstacle_detector_node[0m
[0.367s] [ 33%] [32mBuilding CXX object CMakeFiles/b_obstacle_detector_node.dir/src/b_obstacle_detector_node.cpp.o[0m
[12.673s] [ 66%] [32m[1mLinking CXX executable b_obstacle_detector_node[0m
[16.035s] [100%] Built target b_obstacle_detector_node
[16.078s] Invoked command in '/home/user/ws/src/chibi24_b/build/b_obstacle_detector' returned '0': CMAKE_PREFIX_PATH=${CMAKE_PREFIX_PATH}:/home/user/ws/install/turtlesim_controller_py:/opt/ros/humble /usr/bin/cmake --build /home/user/ws/src/chibi24_b/build/b_obstacle_detector -- -j8 -l8
[16.227s] Invoking command in '/home/user/ws/src/chibi24_b/build/b_obstacle_detector': CMAKE_PREFIX_PATH=${CMAKE_PREFIX_PATH}:/home/user/ws/install/turtlesim_controller_py:/opt/ros/humble /usr/bin/cmake --install /home/user/ws/src/chibi24_b/build/b_obstacle_detector
[16.271s] -- Install configuration: "RelWithDebInfo"
[16.279s] -- Execute custom install script
[16.295s] -- Up-to-date symlink: /home/user/ws/src/chibi24_b/install/b_obstacle_detector/share/b_obstacle_detector//launch/b_obstacle_detector.launch.xml
[16.298s] -- Up-to-date symlink: /home/user/ws/src/chibi24_b/install/b_obstacle_detector/include/b_obstacle_detector/b_obstacle_detector.hpp
[16.301s] -- Up-to-date symlink: /home/user/ws/src/chibi24_b/install/b_obstacle_detector/lib/b_obstacle_detector/b_obstacle_detector_node
[16.302s] -- Up-to-date symlink: /home/user/ws/src/chibi24_b/install/b_obstacle_detector/share/ament_index/resource_index/package_run_dependencies/b_obstacle_detector
[16.304s] -- Up-to-date symlink: /home/user/ws/src/chibi24_b/install/b_obstacle_detector/share/ament_index/resource_index/parent_prefix_path/b_obstacle_detector
[16.305s] -- Up-to-date symlink: /home/user/ws/src/chibi24_b/install/b_obstacle_detector/share/b_obstacle_detector/environment/ament_prefix_path.sh
[16.305s] -- Up-to-date symlink: /home/user/ws/src/chibi24_b/install/b_obstacle_detector/share/b_obstacle_detector/environment/ament_prefix_path.dsv
[16.307s] -- Up-to-date symlink: /home/user/ws/src/chibi24_b/install/b_obstacle_detector/share/b_obstacle_detector/environment/path.sh
[16.311s] -- Up-to-date symlink: /home/user/ws/src/chibi24_b/install/b_obstacle_detector/share/b_obstacle_detector/environment/path.dsv
[16.312s] -- Up-to-date symlink: /home/user/ws/src/chibi24_b/install/b_obstacle_detector/share/b_obstacle_detector/local_setup.bash
[16.312s] -- Up-to-date symlink: /home/user/ws/src/chibi24_b/install/b_obstacle_detector/share/b_obstacle_detector/local_setup.sh
[16.313s] -- Up-to-date symlink: /home/user/ws/src/chibi24_b/install/b_obstacle_detector/share/b_obstacle_detector/local_setup.zsh
[16.314s] -- Up-to-date symlink: /home/user/ws/src/chibi24_b/install/b_obstacle_detector/share/b_obstacle_detector/local_setup.dsv
[16.314s] -- Symlinking: /home/user/ws/src/chibi24_b/install/b_obstacle_detector/share/b_obstacle_detector/package.dsv
[16.361s] -- Up-to-date symlink: /home/user/ws/src/chibi24_b/install/b_obstacle_detector/share/ament_index/resource_index/packages/b_obstacle_detector
[16.362s] -- Up-to-date symlink: /home/user/ws/src/chibi24_b/install/b_obstacle_detector/share/b_obstacle_detector/cmake/ament_cmake_export_dependencies-extras.cmake
[16.364s] -- Up-to-date symlink: /home/user/ws/src/chibi24_b/install/b_obstacle_detector/share/b_obstacle_detector/cmake/ament_cmake_export_include_directories-extras.cmake
[16.365s] -- Up-to-date symlink: /home/user/ws/src/chibi24_b/install/b_obstacle_detector/share/b_obstacle_detector/cmake/b_obstacle_detectorConfig.cmake
[16.367s] -- Up-to-date symlink: /home/user/ws/src/chibi24_b/install/b_obstacle_detector/share/b_obstacle_detector/cmake/b_obstacle_detectorConfig-version.cmake
[16.368s] -- Up-to-date symlink: /home/user/ws/src/chibi24_b/install/b_obstacle_detector/share/b_obstacle_detector/package.xml
[16.386s] Invoked command in '/home/user/ws/src/chibi24_b/build/b_obstacle_detector' returned '0': CMAKE_PREFIX_PATH=${CMAKE_PREFIX_PATH}:/home/user/ws/install/turtlesim_controller_py:/opt/ros/humble /usr/bin/cmake --install /home/user/ws/src/chibi24_b/build/b_obstacle_detector
