[0.146s] Invoking command in '/home/user/ws/src/chibi24_b/build/b_obstacle_detector': CMAKE_PREFIX_PATH=${CMAKE_PREFIX_PATH}:/home/user/ws/install/turtlesim_controller_py:/opt/ros/humble /usr/bin/cmake --build /home/user/ws/src/chibi24_b/build/b_obstacle_detector -- -j8 -l8
[0.207s] [35m[1mConsolidate compiler generated dependencies of target b_obstacle_detector_node[0m
[0.250s] [ 33%] [32mBuilding CXX object CMakeFiles/b_obstacle_detector_node.dir/src/b_obstacle_detector.cpp.o[0m
[60.211s] [ 66%] [32m[1mLinking CXX executable b_obstacle_detector_node[0m
[62.383s] [100%] Built target b_obstacle_detector_node
[62.483s] Invoked command in '/home/user/ws/src/chibi24_b/build/b_obstacle_detector' returned '0': CMAKE_PREFIX_PATH=${CMAKE_PREFIX_PATH}:/home/user/ws/install/turtlesim_controller_py:/opt/ros/humble /usr/bin/cmake --build /home/user/ws/src/chibi24_b/build/b_obstacle_detector -- -j8 -l8
[62.597s] Invoking command in '/home/user/ws/src/chibi24_b/build/b_obstacle_detector': CMAKE_PREFIX_PATH=${CMAKE_PREFIX_PATH}:/home/user/ws/install/turtlesim_controller_py:/opt/ros/humble /usr/bin/cmake --install /home/user/ws/src/chibi24_b/build/b_obstacle_detector
[62.633s] -- Install configuration: "RelWithDebInfo"
[62.648s] -- Execute custom install script
[62.669s] -- Up-to-date symlink: /home/user/ws/src/chibi24_b/install/b_obstacle_detector/share/b_obstacle_detector//launch/b_obstacle_detector.launch.xml
[62.680s] -- Up-to-date symlink: /home/user/ws/src/chibi24_b/install/b_obstacle_detector/include/b_obstacle_detector/b_obstacle_detector.hpp
[62.686s] -- Up-to-date symlink: /home/user/ws/src/chibi24_b/install/b_obstacle_detector/lib/b_obstacle_detector/b_obstacle_detector_node
[62.688s] -- Up-to-date symlink: /home/user/ws/src/chibi24_b/install/b_obstacle_detector/share/ament_index/resource_index/package_run_dependencies/b_obstacle_detector
[62.689s] -- Up-to-date symlink: /home/user/ws/src/chibi24_b/install/b_obstacle_detector/share/ament_index/resource_index/parent_prefix_path/b_obstacle_detector
[62.695s] -- Up-to-date symlink: /home/user/ws/src/chibi24_b/install/b_obstacle_detector/share/b_obstacle_detector/environment/ament_prefix_path.sh
[62.696s] -- Up-to-date symlink: /home/user/ws/src/chibi24_b/install/b_obstacle_detector/share/b_obstacle_detector/environment/ament_prefix_path.dsv
[62.697s] -- Up-to-date symlink: /home/user/ws/src/chibi24_b/install/b_obstacle_detector/share/b_obstacle_detector/environment/path.sh
[62.699s] -- Up-to-date symlink: /home/user/ws/src/chibi24_b/install/b_obstacle_detector/share/b_obstacle_detector/environment/path.dsv
[62.700s] -- Up-to-date symlink: /home/user/ws/src/chibi24_b/install/b_obstacle_detector/share/b_obstacle_detector/local_setup.bash
[62.701s] -- Up-to-date symlink: /home/user/ws/src/chibi24_b/install/b_obstacle_detector/share/b_obstacle_detector/local_setup.sh
[62.705s] -- Up-to-date symlink: /home/user/ws/src/chibi24_b/install/b_obstacle_detector/share/b_obstacle_detector/local_setup.zsh
[62.707s] -- Up-to-date symlink: /home/user/ws/src/chibi24_b/install/b_obstacle_detector/share/b_obstacle_detector/local_setup.dsv
[62.708s] -- Symlinking: /home/user/ws/src/chibi24_b/install/b_obstacle_detector/share/b_obstacle_detector/package.dsv
[62.749s] -- Up-to-date symlink: /home/user/ws/src/chibi24_b/install/b_obstacle_detector/share/ament_index/resource_index/packages/b_obstacle_detector
[62.750s] -- Up-to-date symlink: /home/user/ws/src/chibi24_b/install/b_obstacle_detector/share/b_obstacle_detector/cmake/ament_cmake_export_dependencies-extras.cmake
[62.750s] -- Up-to-date symlink: /home/user/ws/src/chibi24_b/install/b_obstacle_detector/share/b_obstacle_detector/cmake/ament_cmake_export_include_directories-extras.cmake
[62.752s] -- Up-to-date symlink: /home/user/ws/src/chibi24_b/install/b_obstacle_detector/share/b_obstacle_detector/cmake/b_obstacle_detectorConfig.cmake
[62.752s] -- Up-to-date symlink: /home/user/ws/src/chibi24_b/install/b_obstacle_detector/share/b_obstacle_detector/cmake/b_obstacle_detectorConfig-version.cmake
[62.754s] -- Up-to-date symlink: /home/user/ws/src/chibi24_b/install/b_obstacle_detector/share/b_obstacle_detector/package.xml
[62.764s] Invoked command in '/home/user/ws/src/chibi24_b/build/b_obstacle_detector' returned '0': CMAKE_PREFIX_PATH=${CMAKE_PREFIX_PATH}:/home/user/ws/install/turtlesim_controller_py:/opt/ros/humble /usr/bin/cmake --install /home/user/ws/src/chibi24_b/build/b_obstacle_detector
