[0.514s] Invoking command in '/home/user/ws/src/chibi24_b/build/b_obstacle_detector': CMAKE_PREFIX_PATH=${CMAKE_PREFIX_PATH}:/home/user/ws/install/turtlesim_controller_py:/opt/ros/humble /usr/bin/cmake --build /home/user/ws/src/chibi24_b/build/b_obstacle_detector -- -j8 -l8
[1.923s] [35m[1mConsolidate compiler generated dependencies of target b_obstacle_detector_node[0m
[2.280s] [ 33%] [32mBuilding CXX object CMakeFiles/b_obstacle_detector_node.dir/src/b_obstacle_detector.cpp.o[0m
[35.966s] [ 66%] [32m[1mLinking CXX executable b_obstacle_detector_node[0m
[36.818s] [100%] Built target b_obstacle_detector_node
[36.857s] Invoked command in '/home/user/ws/src/chibi24_b/build/b_obstacle_detector' returned '0': CMAKE_PREFIX_PATH=${CMAKE_PREFIX_PATH}:/home/user/ws/install/turtlesim_controller_py:/opt/ros/humble /usr/bin/cmake --build /home/user/ws/src/chibi24_b/build/b_obstacle_detector -- -j8 -l8
[36.942s] Invoking command in '/home/user/ws/src/chibi24_b/build/b_obstacle_detector': CMAKE_PREFIX_PATH=${CMAKE_PREFIX_PATH}:/home/user/ws/install/turtlesim_controller_py:/opt/ros/humble /usr/bin/cmake --install /home/user/ws/src/chibi24_b/build/b_obstacle_detector
[36.965s] -- Install configuration: "RelWithDebInfo"
[36.970s] -- Execute custom install script
[36.975s] -- Up-to-date symlink: /home/user/ws/src/chibi24_b/install/b_obstacle_detector/share/b_obstacle_detector//launch/b_obstacle_detector.launch.xml
[36.984s] -- Up-to-date symlink: /home/user/ws/src/chibi24_b/install/b_obstacle_detector/include/b_obstacle_detector/b_obstacle_detector.hpp
[36.985s] -- Up-to-date symlink: /home/user/ws/src/chibi24_b/install/b_obstacle_detector/lib/b_obstacle_detector/b_obstacle_detector_node
[37.001s] -- Up-to-date symlink: /home/user/ws/src/chibi24_b/install/b_obstacle_detector/share/ament_index/resource_index/package_run_dependencies/b_obstacle_detector
[37.003s] -- Up-to-date symlink: /home/user/ws/src/chibi24_b/install/b_obstacle_detector/share/ament_index/resource_index/parent_prefix_path/b_obstacle_detector
[37.004s] -- Up-to-date symlink: /home/user/ws/src/chibi24_b/install/b_obstacle_detector/share/b_obstacle_detector/environment/ament_prefix_path.sh
[37.005s] -- Up-to-date symlink: /home/user/ws/src/chibi24_b/install/b_obstacle_detector/share/b_obstacle_detector/environment/ament_prefix_path.dsv
[37.006s] -- Up-to-date symlink: /home/user/ws/src/chibi24_b/install/b_obstacle_detector/share/b_obstacle_detector/environment/path.sh
[37.008s] -- Up-to-date symlink: /home/user/ws/src/chibi24_b/install/b_obstacle_detector/share/b_obstacle_detector/environment/path.dsv
[37.009s] -- Up-to-date symlink: /home/user/ws/src/chibi24_b/install/b_obstacle_detector/share/b_obstacle_detector/local_setup.bash
[37.010s] -- Up-to-date symlink: /home/user/ws/src/chibi24_b/install/b_obstacle_detector/share/b_obstacle_detector/local_setup.sh
[37.011s] -- Up-to-date symlink: /home/user/ws/src/chibi24_b/install/b_obstacle_detector/share/b_obstacle_detector/local_setup.zsh
[37.011s] -- Up-to-date symlink: /home/user/ws/src/chibi24_b/install/b_obstacle_detector/share/b_obstacle_detector/local_setup.dsv
[37.012s] -- Symlinking: /home/user/ws/src/chibi24_b/install/b_obstacle_detector/share/b_obstacle_detector/package.dsv
[37.050s] -- Up-to-date symlink: /home/user/ws/src/chibi24_b/install/b_obstacle_detector/share/ament_index/resource_index/packages/b_obstacle_detector
[37.051s] -- Up-to-date symlink: /home/user/ws/src/chibi24_b/install/b_obstacle_detector/share/b_obstacle_detector/cmake/ament_cmake_export_dependencies-extras.cmake
[37.051s] -- Up-to-date symlink: /home/user/ws/src/chibi24_b/install/b_obstacle_detector/share/b_obstacle_detector/cmake/ament_cmake_export_include_directories-extras.cmake
[37.052s] -- Up-to-date symlink: /home/user/ws/src/chibi24_b/install/b_obstacle_detector/share/b_obstacle_detector/cmake/b_obstacle_detectorConfig.cmake
[37.053s] -- Up-to-date symlink: /home/user/ws/src/chibi24_b/install/b_obstacle_detector/share/b_obstacle_detector/cmake/b_obstacle_detectorConfig-version.cmake
[37.053s] -- Up-to-date symlink: /home/user/ws/src/chibi24_b/install/b_obstacle_detector/share/b_obstacle_detector/package.xml
[37.069s] Invoked command in '/home/user/ws/src/chibi24_b/build/b_obstacle_detector' returned '0': CMAKE_PREFIX_PATH=${CMAKE_PREFIX_PATH}:/home/user/ws/install/turtlesim_controller_py:/opt/ros/humble /usr/bin/cmake --install /home/user/ws/src/chibi24_b/build/b_obstacle_detector
