[0.253s] Invoking command in '/home/user/ws/src/chibi24_b/build/b_obstacle_detector': CMAKE_PREFIX_PATH=${CMAKE_PREFIX_PATH}:/home/user/ws/install/turtlesim_controller_py:/opt/ros/humble /usr/bin/cmake --build /home/user/ws/src/chibi24_b/build/b_obstacle_detector -- -j8 -l8
[0.385s] [35m[1mConsolidate compiler generated dependencies of target b_obstacle_detector_node[0m
[0.460s] [ 33%] [32mBuilding CXX object CMakeFiles/b_obstacle_detector_node.dir/src/b_obstacle_detector.cpp.o[0m
[44.208s] [ 66%] [32m[1mLinking CXX executable b_obstacle_detector_node[0m
[45.082s] [100%] Built target b_obstacle_detector_node
[45.111s] Invoked command in '/home/user/ws/src/chibi24_b/build/b_obstacle_detector' returned '0': CMAKE_PREFIX_PATH=${CMAKE_PREFIX_PATH}:/home/user/ws/install/turtlesim_controller_py:/opt/ros/humble /usr/bin/cmake --build /home/user/ws/src/chibi24_b/build/b_obstacle_detector -- -j8 -l8
[45.242s] Invoking command in '/home/user/ws/src/chibi24_b/build/b_obstacle_detector': CMAKE_PREFIX_PATH=${CMAKE_PREFIX_PATH}:/home/user/ws/install/turtlesim_controller_py:/opt/ros/humble /usr/bin/cmake --install /home/user/ws/src/chibi24_b/build/b_obstacle_detector
[45.257s] -- Install configuration: "RelWithDebInfo"
[45.259s] -- Execute custom install script
[45.262s] -- Up-to-date symlink: /home/user/ws/src/chibi24_b/install/b_obstacle_detector/share/b_obstacle_detector//launch/b_obstacle_detector.launch.xml
[45.263s] -- Up-to-date symlink: /home/user/ws/src/chibi24_b/install/b_obstacle_detector/include/b_obstacle_detector/b_obstacle_detector.hpp
[45.267s] -- Up-to-date symlink: /home/user/ws/src/chibi24_b/install/b_obstacle_detector/lib/b_obstacle_detector/b_obstacle_detector_node
[45.268s] -- Up-to-date symlink: /home/user/ws/src/chibi24_b/install/b_obstacle_detector/share/ament_index/resource_index/package_run_dependencies/b_obstacle_detector
[45.269s] -- Up-to-date symlink: /home/user/ws/src/chibi24_b/install/b_obstacle_detector/share/ament_index/resource_index/parent_prefix_path/b_obstacle_detector
[45.271s] -- Up-to-date symlink: /home/user/ws/src/chibi24_b/install/b_obstacle_detector/share/b_obstacle_detector/environment/ament_prefix_path.sh
[45.271s] -- Up-to-date symlink: /home/user/ws/src/chibi24_b/install/b_obstacle_detector/share/b_obstacle_detector/environment/ament_prefix_path.dsv
[45.273s] -- Up-to-date symlink: /home/user/ws/src/chibi24_b/install/b_obstacle_detector/share/b_obstacle_detector/environment/path.sh
[45.274s] -- Up-to-date symlink: /home/user/ws/src/chibi24_b/install/b_obstacle_detector/share/b_obstacle_detector/environment/path.dsv
[45.274s] -- Up-to-date symlink: /home/user/ws/src/chibi24_b/install/b_obstacle_detector/share/b_obstacle_detector/local_setup.bash
[45.276s] -- Up-to-date symlink: /home/user/ws/src/chibi24_b/install/b_obstacle_detector/share/b_obstacle_detector/local_setup.sh
[45.277s] -- Up-to-date symlink: /home/user/ws/src/chibi24_b/install/b_obstacle_detector/share/b_obstacle_detector/local_setup.zsh
[45.280s] -- Up-to-date symlink: /home/user/ws/src/chibi24_b/install/b_obstacle_detector/share/b_obstacle_detector/local_setup.dsv
[45.281s] -- Symlinking: /home/user/ws/src/chibi24_b/install/b_obstacle_detector/share/b_obstacle_detector/package.dsv
[45.308s] -- Up-to-date symlink: /home/user/ws/src/chibi24_b/install/b_obstacle_detector/share/ament_index/resource_index/packages/b_obstacle_detector
[45.309s] -- Up-to-date symlink: /home/user/ws/src/chibi24_b/install/b_obstacle_detector/share/b_obstacle_detector/cmake/ament_cmake_export_dependencies-extras.cmake
[45.309s] -- Up-to-date symlink: /home/user/ws/src/chibi24_b/install/b_obstacle_detector/share/b_obstacle_detector/cmake/ament_cmake_export_include_directories-extras.cmake
[45.310s] -- Up-to-date symlink: /home/user/ws/src/chibi24_b/install/b_obstacle_detector/share/b_obstacle_detector/cmake/b_obstacle_detectorConfig.cmake
[45.310s] -- Up-to-date symlink: /home/user/ws/src/chibi24_b/install/b_obstacle_detector/share/b_obstacle_detector/cmake/b_obstacle_detectorConfig-version.cmake
[45.310s] -- Up-to-date symlink: /home/user/ws/src/chibi24_b/install/b_obstacle_detector/share/b_obstacle_detector/package.xml
[45.320s] Invoked command in '/home/user/ws/src/chibi24_b/build/b_obstacle_detector' returned '0': CMAKE_PREFIX_PATH=${CMAKE_PREFIX_PATH}:/home/user/ws/install/turtlesim_controller_py:/opt/ros/humble /usr/bin/cmake --install /home/user/ws/src/chibi24_b/build/b_obstacle_detector
