[01m[K/home/user/ws/src/chibi24_b/b_obstacle_detector/src/b_obstacle_detector.cpp:[m[K In constructor ‘[01m[KObstacleDetector::ObstacleDetector()[m[K’:
[01m[K/home/user/ws/src/chibi24_b/b_obstacle_detector/src/b_obstacle_detector.cpp:11:97:[m[K [01;31m[Kerror: [m[K‘[01m[Kpi[m[K’ was not declared in this scope
   11 |  = this->declare_parameter<double>("ignore_angle_range_list",[rad(3.0*[01;31m[Kpi[m[K/16.0), rad(5.0*pi/16.0), rad(11.0*pi/16.0)]);
      |                                                                       [01;31m[K^~[m[K

[01m[K/home/user/ws/src/chibi24_b/b_obstacle_detector/src/b_obstacle_detector.cpp:11:122:[m[K [01;35m[Kwarning: [m[Kalready captured ‘[01m[Krad[m[K’ in lambda expression
   11 | r<double>("ignore_angle_range_list",[rad(3.0*pi/16.0), rad(5.0*pi/16.0[01;35m[K)[m[K, rad(11.0*pi/16.0)]);
      |                                                                       [01;35m[K^[m[K

[01m[K/home/user/ws/src/chibi24_b/b_obstacle_detector/src/b_obstacle_detector.cpp:11:141:[m[K [01;35m[Kwarning: [m[Kalready captured ‘[01m[Krad[m[K’ in lambda expression
   11 | gnore_angle_range_list",[rad(3.0*pi/16.0), rad(5.0*pi/16.0), rad(11.0*pi/16.0[01;35m[K)[m[K]);
      |                                                                              [01;35m[K^[m[K

[01m[K/home/user/ws/src/chibi24_b/b_obstacle_detector/src/b_obstacle_detector.cpp:[m[K In lambda function:
[01m[K/home/user/ws/src/chibi24_b/b_obstacle_detector/src/b_obstacle_detector.cpp:11:143:[m[K [01;31m[Kerror: [m[Kexpected ‘[01m[K{[m[K’ before ‘[01m[K)[m[K’ token
   11 | gnore_angle_range_list",[rad(3.0*pi/16.0), rad(5.0*pi/16.0), rad(11.0*pi/16.0)][01;31m[K)[m[K;
      |                                                                                [01;31m[K^[m[K

[01m[K/home/user/ws/src/chibi24_b/b_obstacle_detector/src/b_obstacle_detector.cpp:[m[K In constructor ‘[01m[KObstacleDetector::ObstacleDetector()[m[K’:
[01m[K/home/user/ws/src/chibi24_b/b_obstacle_detector/src/b_obstacle_detector.cpp:11:61:[m[K [01;31m[Kerror: [m[Kno matching function for call to ‘[01m[KObstacleDetector::declare_parameter<double>(const char [24], ObstacleDetector::ObstacleDetector()::<lambda()>)[m[K’
   11 |   ignore_angle_range_list_ = [01;31m[Kthis->declare_parameter<double>("ignore_angle_range_list",[rad(3.0*pi/16.0), rad(5.0*pi/16.0), rad(11.0*pi/16.0)])[m[K;
      |                              [01;31m[K~~~~~~~~~~~~~~~~~~~~~~~~~~~~~~~^~~~~~~~~~~~~~~~~~~~~~~~~~~~~~~~~~~~~~~~~~~~~~~~~~~~~~~~~~~~~~~~~~~~~~~~~~~~~~~~~~~[m[K
In file included from [01m[K/opt/ros/humble/include/rclcpp/rclcpp/node.hpp:1321[m[K,
                 from [01m[K/opt/ros/humble/include/rclcpp/rclcpp/executors/single_threaded_executor.hpp:28[m[K,
                 from [01m[K/opt/ros/humble/include/rclcpp/rclcpp/executors.hpp:22[m[K,
                 from [01m[K/opt/ros/humble/include/rclcpp/rclcpp/rclcpp.hpp:155[m[K,
                 from [01m[K/home/user/ws/src/chibi24_b/b_obstacle_detector/include/b_obstacle_detector/b_obstacle_detector.hpp:5[m[K,
                 from [01m[K/home/user/ws/src/chibi24_b/b_obstacle_detector/src/b_obstacle_detector.cpp:1[m[K:
[01m[K/opt/ros/humble/include/rclcpp/rclcpp/node_impl.hpp:195:1:[m[K [01;36m[Knote: [m[Kcandidate: ‘[01m[Kauto rclcpp::Node::declare_parameter(const string&, const ParameterT&, const ParameterDescriptor&, bool) [with ParameterT = double; std::string = std::__cxx11::basic_string<char>; rcl_interfaces::msg::ParameterDescriptor = rcl_interfaces::msg::ParameterDescriptor_<std::allocator<void> >][m[K’
  195 | [01;36m[KNode[m[K::declare_parameter(
      | [01;36m[K^~~~[m[K
[01m[K/opt/ros/humble/include/rclcpp/rclcpp/node_impl.hpp:197:22:[m[K [01;36m[Knote: [m[K  no known conversion for argument 2 from ‘[01m[KObstacleDetector::ObstacleDetector()::<lambda()>[m[K’ to ‘[01m[Kconst double&[m[K’
  197 |   [01;36m[Kconst ParameterT & default_value[m[K,
      |   [01;36m[K~~~~~~~~~~~~~~~~~~~^~~~~~~~~~~~~[m[K
[01m[K/opt/ros/humble/include/rclcpp/rclcpp/node_impl.hpp:215:1:[m[K [01;36m[Knote: [m[Kcandidate: ‘[01m[Kauto rclcpp::Node::declare_parameter(const string&, const ParameterDescriptor&, bool) [with ParameterT = double; std::string = std::__cxx11::basic_string<char>; rcl_interfaces::msg::ParameterDescriptor = rcl_interfaces::msg::ParameterDescriptor_<std::allocator<void> >][m[K’
  215 | [01;36m[KNode[m[K::declare_parameter(
      | [01;36m[K^~~~[m[K
[01m[K/opt/ros/humble/include/rclcpp/rclcpp/node_impl.hpp:217:52:[m[K [01;36m[Knote: [m[K  no known conversion for argument 2 from ‘[01m[KObstacleDetector::ObstacleDetector()::<lambda()>[m[K’ to ‘[01m[Kconst ParameterDescriptor&[m[K’ {aka ‘[01m[Kconst rcl_interfaces::msg::ParameterDescriptor_<std::allocator<void> >&[m[K’}
  217 |   [01;36m[Kconst rcl_interfaces::msg::ParameterDescriptor & parameter_descriptor[m[K,
      |   [01;36m[K~~~~~~~~~~~~~~~~~~~~~~~~~~~~~~~~~~~~~~~~~~~~~~~~~^~~~~~~~~~~~~~~~~~~~[m[K
gmake[2]: *** [CMakeFiles/b_obstacle_detector_node.dir/build.make:76: CMakeFiles/b_obstacle_detector_node.dir/src/b_obstacle_detector.cpp.o] Error 1
gmake[1]: *** [CMakeFiles/Makefile2:137: CMakeFiles/b_obstacle_detector_node.dir/all] Error 2
gmake: *** [Makefile:146: all] Error 2
