[1.428s] DEBUG:colcon:Command line arguments: ['/usr/bin/colcon', 'build', '--symlink-install', '--cmake-args', '-DCMAKE_BUILD_TYPE=RelWithDebInfo', '--event-handlers', 'console_direct+', '--packages-select', 'b_obstacle_detector']
[1.428s] DEBUG:colcon:Parsed command line arguments: Namespace(log_base=None, log_level=None, verb_name='build', build_base='build', install_base='install', merge_install=False, symlink_install=True, test_result_base=None, continue_on_error=False, executor='parallel', parallel_workers=8, event_handlers=['console_direct+'], ignore_user_meta=False, metas=['./colcon.meta'], base_paths=['.'], packages_ignore=None, packages_ignore_regex=None, paths=None, packages_up_to=None, packages_up_to_regex=None, packages_above=None, packages_above_and_dependencies=None, packages_above_depth=None, packages_select_by_dep=None, packages_skip_by_dep=None, packages_skip_up_to=None, packages_select_build_failed=False, packages_skip_build_finished=False, packages_select_test_failures=False, packages_skip_test_passed=False, packages_select=['b_obstacle_detector'], packages_skip=None, packages_select_regex=None, packages_skip_regex=None, packages_start=None, packages_end=None, cmake_args=['-DCMAKE_BUILD_TYPE=RelWithDebInfo'], cmake_target=None, cmake_target_skip_unavailable=False, cmake_clean_cache=False, cmake_clean_first=False, cmake_force_configure=False, ament_cmake_args=None, catkin_cmake_args=None, catkin_skip_building_tests=False, mixin_files=None, mixin=None, verb_parser=<colcon_mixin.mixin.mixin_argument.MixinArgumentDecorator object at 0x7faf5f1bb610>, verb_extension=<colcon_core.verb.build.BuildVerb object at 0x7faf5f4a3df0>, main=<bound method BuildVerb.main of <colcon_core.verb.build.BuildVerb object at 0x7faf5f4a3df0>>, mixin_verb=('build',))
[1.496s] Level 1:colcon.colcon_core.package_discovery:discover_packages(colcon_meta) check parameters
[1.496s] Level 1:colcon.colcon_core.package_discovery:discover_packages(recursive) check parameters
[1.496s] Level 1:colcon.colcon_core.package_discovery:discover_packages(ignore) check parameters
[1.496s] Level 1:colcon.colcon_core.package_discovery:discover_packages(path) check parameters
[1.496s] Level 1:colcon.colcon_core.package_discovery:discover_packages(colcon_meta) discover
[1.497s] Level 1:colcon.colcon_core.package_discovery:discover_packages(recursive) discover
[1.497s] INFO:colcon.colcon_core.package_discovery:Crawling recursively for packages in '/home/user/ws/src/chibi24_b'
[1.497s] Level 1:colcon.colcon_core.package_identification:_identify(.) by extensions ['ignore', 'ignore_ament_install']
[1.497s] Level 1:colcon.colcon_core.package_identification:_identify(.) by extension 'ignore'
[1.497s] Level 1:colcon.colcon_core.package_identification:_identify(.) by extension 'ignore_ament_install'
[1.497s] Level 1:colcon.colcon_core.package_identification:_identify(.) by extensions ['colcon_pkg']
[1.497s] Level 1:colcon.colcon_core.package_identification:_identify(.) by extension 'colcon_pkg'
[1.497s] Level 1:colcon.colcon_core.package_identification:_identify(.) by extensions ['colcon_meta']
[1.497s] Level 1:colcon.colcon_core.package_identification:_identify(.) by extension 'colcon_meta'
[1.497s] Level 1:colcon.colcon_core.package_identification:_identify(.) by extensions ['ros']
[1.497s] Level 1:colcon.colcon_core.package_identification:_identify(.) by extension 'ros'
[1.514s] Level 1:colcon.colcon_core.package_identification:_identify(.) by extensions ['cmake', 'python']
[1.514s] Level 1:colcon.colcon_core.package_identification:_identify(.) by extension 'cmake'
[1.514s] Level 1:colcon.colcon_core.package_identification:_identify(.) by extension 'python'
[1.514s] Level 1:colcon.colcon_core.package_identification:_identify(.) by extensions ['python_setup_py']
[1.514s] Level 1:colcon.colcon_core.package_identification:_identify(.) by extension 'python_setup_py'
[1.514s] Level 1:colcon.colcon_core.package_identification:_identify(b_obstacle_detector) by extensions ['ignore', 'ignore_ament_install']
[1.515s] Level 1:colcon.colcon_core.package_identification:_identify(b_obstacle_detector) by extension 'ignore'
[1.515s] Level 1:colcon.colcon_core.package_identification:_identify(b_obstacle_detector) by extension 'ignore_ament_install'
[1.515s] Level 1:colcon.colcon_core.package_identification:_identify(b_obstacle_detector) by extensions ['colcon_pkg']
[1.515s] Level 1:colcon.colcon_core.package_identification:_identify(b_obstacle_detector) by extension 'colcon_pkg'
[1.515s] Level 1:colcon.colcon_core.package_identification:_identify(b_obstacle_detector) by extensions ['colcon_meta']
[1.515s] Level 1:colcon.colcon_core.package_identification:_identify(b_obstacle_detector) by extension 'colcon_meta'
[1.515s] Level 1:colcon.colcon_core.package_identification:_identify(b_obstacle_detector) by extensions ['ros']
[1.515s] Level 1:colcon.colcon_core.package_identification:_identify(b_obstacle_detector) by extension 'ros'
[1.520s] DEBUG:colcon.colcon_core.package_identification:Package 'b_obstacle_detector' with type 'ros.ament_cmake' and name 'b_obstacle_detector'
[1.520s] Level 1:colcon.colcon_core.package_identification:_identify(build) by extensions ['ignore', 'ignore_ament_install']
[1.520s] Level 1:colcon.colcon_core.package_identification:_identify(build) by extension 'ignore'
[1.520s] Level 1:colcon.colcon_core.package_identification:_identify(build) ignored
[1.520s] Level 1:colcon.colcon_core.package_identification:_identify(install) by extensions ['ignore', 'ignore_ament_install']
[1.520s] Level 1:colcon.colcon_core.package_identification:_identify(install) by extension 'ignore'
[1.520s] Level 1:colcon.colcon_core.package_identification:_identify(install) ignored
[1.520s] Level 1:colcon.colcon_core.package_identification:_identify(log) by extensions ['ignore', 'ignore_ament_install']
[1.521s] Level 1:colcon.colcon_core.package_identification:_identify(log) by extension 'ignore'
[1.521s] Level 1:colcon.colcon_core.package_identification:_identify(log) ignored
[1.521s] Level 1:colcon.colcon_core.package_identification:_identify(map) by extensions ['ignore', 'ignore_ament_install']
[1.521s] Level 1:colcon.colcon_core.package_identification:_identify(map) by extension 'ignore'
[1.521s] Level 1:colcon.colcon_core.package_identification:_identify(map) by extension 'ignore_ament_install'
[1.521s] Level 1:colcon.colcon_core.package_identification:_identify(map) by extensions ['colcon_pkg']
[1.521s] Level 1:colcon.colcon_core.package_identification:_identify(map) by extension 'colcon_pkg'
[1.521s] Level 1:colcon.colcon_core.package_identification:_identify(map) by extensions ['colcon_meta']
[1.522s] Level 1:colcon.colcon_core.package_identification:_identify(map) by extension 'colcon_meta'
[1.522s] Level 1:colcon.colcon_core.package_identification:_identify(map) by extensions ['ros']
[1.522s] Level 1:colcon.colcon_core.package_identification:_identify(map) by extension 'ros'
[1.522s] Level 1:colcon.colcon_core.package_identification:_identify(map) by extensions ['cmake', 'python']
[1.522s] Level 1:colcon.colcon_core.package_identification:_identify(map) by extension 'cmake'
[1.522s] Level 1:colcon.colcon_core.package_identification:_identify(map) by extension 'python'
[1.522s] Level 1:colcon.colcon_core.package_identification:_identify(map) by extensions ['python_setup_py']
[1.522s] Level 1:colcon.colcon_core.package_identification:_identify(map) by extension 'python_setup_py'
[1.522s] Level 1:colcon.colcon_core.package_discovery:discover_packages(recursive) using defaults
[1.522s] Level 1:colcon.colcon_core.package_discovery:discover_packages(ignore) discover
[1.522s] Level 1:colcon.colcon_core.package_discovery:discover_packages(ignore) using defaults
[1.522s] Level 1:colcon.colcon_core.package_discovery:discover_packages(path) discover
[1.522s] Level 1:colcon.colcon_core.package_discovery:discover_packages(path) using defaults
[1.607s] Level 5:colcon.colcon_core.verb:set package 'b_obstacle_detector' build argument 'cmake_args' from command line to '['-DCMAKE_BUILD_TYPE=RelWithDebInfo']'
[1.607s] Level 5:colcon.colcon_core.verb:set package 'b_obstacle_detector' build argument 'cmake_target' from command line to 'None'
[1.608s] Level 5:colcon.colcon_core.verb:set package 'b_obstacle_detector' build argument 'cmake_target_skip_unavailable' from command line to 'False'
[1.608s] Level 5:colcon.colcon_core.verb:set package 'b_obstacle_detector' build argument 'cmake_clean_cache' from command line to 'False'
[1.608s] Level 5:colcon.colcon_core.verb:set package 'b_obstacle_detector' build argument 'cmake_clean_first' from command line to 'False'
[1.608s] Level 5:colcon.colcon_core.verb:set package 'b_obstacle_detector' build argument 'cmake_force_configure' from command line to 'False'
[1.608s] Level 5:colcon.colcon_core.verb:set package 'b_obstacle_detector' build argument 'ament_cmake_args' from command line to 'None'
[1.608s] Level 5:colcon.colcon_core.verb:set package 'b_obstacle_detector' build argument 'catkin_cmake_args' from command line to 'None'
[1.608s] Level 5:colcon.colcon_core.verb:set package 'b_obstacle_detector' build argument 'catkin_skip_building_tests' from command line to 'False'
[1.608s] DEBUG:colcon.colcon_core.verb:Building package 'b_obstacle_detector' with the following arguments: {'ament_cmake_args': None, 'build_base': '/home/user/ws/src/chibi24_b/build/b_obstacle_detector', 'catkin_cmake_args': None, 'catkin_skip_building_tests': False, 'cmake_args': ['-DCMAKE_BUILD_TYPE=RelWithDebInfo'], 'cmake_clean_cache': False, 'cmake_clean_first': False, 'cmake_force_configure': False, 'cmake_target': None, 'cmake_target_skip_unavailable': False, 'install_base': '/home/user/ws/src/chibi24_b/install/b_obstacle_detector', 'merge_install': False, 'path': '/home/user/ws/src/chibi24_b/b_obstacle_detector', 'symlink_install': True, 'test_result_base': None}
[1.621s] INFO:colcon.colcon_core.executor:Executing jobs using 'parallel' executor
[1.641s] DEBUG:colcon.colcon_parallel_executor.executor.parallel:run_until_complete
[1.641s] INFO:colcon.colcon_ros.task.ament_cmake.build:Building ROS package in '/home/user/ws/src/chibi24_b/b_obstacle_detector' with build type 'ament_cmake'
[1.642s] INFO:colcon.colcon_cmake.task.cmake.build:Building CMake package in '/home/user/ws/src/chibi24_b/b_obstacle_detector'
[1.673s] INFO:colcon.colcon_core.plugin_system:Skipping extension 'colcon_core.shell.bat': Not used on non-Windows systems
[1.673s] INFO:colcon.colcon_core.shell:Skip shell extension 'powershell' for command environment: Not usable outside of PowerShell
[1.673s] DEBUG:colcon.colcon_core.shell:Skip shell extension 'dsv' for command environment
[1.758s] DEBUG:colcon.colcon_core.event_handler.log_command:Invoking command in '/home/user/ws/src/chibi24_b/build/b_obstacle_detector': CMAKE_PREFIX_PATH=${CMAKE_PREFIX_PATH}:/home/user/ws/install/turtlesim_controller_py:/opt/ros/humble /usr/bin/cmake /home/user/ws/src/chibi24_b/b_obstacle_detector -DCMAKE_BUILD_TYPE=RelWithDebInfo -DAMENT_CMAKE_SYMLINK_INSTALL=1 -DCMAKE_INSTALL_PREFIX=/home/user/ws/src/chibi24_b/install/b_obstacle_detector
[5.852s] DEBUG:colcon.colcon_core.event_handler.log_command:Invoked command in '/home/user/ws/src/chibi24_b/build/b_obstacle_detector' returned '0': CMAKE_PREFIX_PATH=${CMAKE_PREFIX_PATH}:/home/user/ws/install/turtlesim_controller_py:/opt/ros/humble /usr/bin/cmake /home/user/ws/src/chibi24_b/b_obstacle_detector -DCMAKE_BUILD_TYPE=RelWithDebInfo -DAMENT_CMAKE_SYMLINK_INSTALL=1 -DCMAKE_INSTALL_PREFIX=/home/user/ws/src/chibi24_b/install/b_obstacle_detector
[5.859s] DEBUG:colcon.colcon_core.event_handler.log_command:Invoking command in '/home/user/ws/src/chibi24_b/build/b_obstacle_detector': CMAKE_PREFIX_PATH=${CMAKE_PREFIX_PATH}:/home/user/ws/install/turtlesim_controller_py:/opt/ros/humble /usr/bin/cmake --build /home/user/ws/src/chibi24_b/build/b_obstacle_detector -- -j8 -l8
[39.490s] DEBUG:colcon.colcon_core.event_handler.log_command:Invoked command in '/home/user/ws/src/chibi24_b/build/b_obstacle_detector' returned '2': CMAKE_PREFIX_PATH=${CMAKE_PREFIX_PATH}:/home/user/ws/install/turtlesim_controller_py:/opt/ros/humble /usr/bin/cmake --build /home/user/ws/src/chibi24_b/build/b_obstacle_detector -- -j8 -l8
[40.062s] Level 1:colcon.colcon_core.environment:create_environment_scripts_only(b_obstacle_detector)
[40.207s] Level 1:colcon.colcon_core.environment:checking '/home/user/ws/src/chibi24_b/install/b_obstacle_detector' for CMake module files
[40.211s] Level 1:colcon.colcon_core.environment:checking '/home/user/ws/src/chibi24_b/install/b_obstacle_detector' for CMake config files
[40.238s] Level 1:colcon.colcon_core.environment:checking '/home/user/ws/src/chibi24_b/install/b_obstacle_detector/bin'
[40.239s] Level 1:colcon.colcon_core.environment:checking '/home/user/ws/src/chibi24_b/install/b_obstacle_detector/lib/pkgconfig/b_obstacle_detector.pc'
[40.265s] Level 1:colcon.colcon_core.environment:checking '/home/user/ws/src/chibi24_b/install/b_obstacle_detector/lib/python3.10/site-packages'
[40.266s] Level 1:colcon.colcon_core.environment:checking '/home/user/ws/src/chibi24_b/install/b_obstacle_detector/bin'
[40.367s] INFO:colcon.colcon_core.shell:Creating package script '/home/user/ws/src/chibi24_b/install/b_obstacle_detector/share/b_obstacle_detector/package.ps1'
[40.928s] INFO:colcon.colcon_core.shell:Creating package descriptor '/home/user/ws/src/chibi24_b/install/b_obstacle_detector/share/b_obstacle_detector/package.dsv'
[40.936s] INFO:colcon.colcon_core.shell:Creating package script '/home/user/ws/src/chibi24_b/install/b_obstacle_detector/share/b_obstacle_detector/package.sh'
[40.947s] INFO:colcon.colcon_core.shell:Creating package script '/home/user/ws/src/chibi24_b/install/b_obstacle_detector/share/b_obstacle_detector/package.bash'
[40.956s] INFO:colcon.colcon_core.shell:Creating package script '/home/user/ws/src/chibi24_b/install/b_obstacle_detector/share/b_obstacle_detector/package.zsh'
[40.963s] Level 1:colcon.colcon_core.environment:create_file_with_runtime_dependencies(/home/user/ws/src/chibi24_b/install/b_obstacle_detector/share/colcon-core/packages/b_obstacle_detector)
[40.996s] DEBUG:colcon.colcon_parallel_executor.executor.parallel:closing loop
[41.003s] DEBUG:colcon.colcon_parallel_executor.executor.parallel:loop closed
[41.005s] DEBUG:colcon.colcon_parallel_executor.executor.parallel:run_until_complete finished with '2'
[41.007s] DEBUG:colcon.colcon_core.event_reactor:joining thread
[41.252s] INFO:colcon.colcon_core.plugin_system:Skipping extension 'colcon_notification.desktop_notification.notify_send': Could not find 'notify-send'
[41.252s] INFO:colcon.colcon_core.plugin_system:Skipping extension 'colcon_notification.desktop_notification.terminal_notifier': Not used on non-Darwin systems
[41.252s] INFO:colcon.colcon_core.plugin_system:Skipping extension 'colcon_notification.desktop_notification.win32': Not used on non-Windows systems
[41.253s] INFO:colcon.colcon_notification.desktop_notification:Sending desktop notification using 'notify2'
[41.257s] DEBUG:colcon.colcon_notification.desktop_notification.notify2:Failed to initialize notify2: org.freedesktop.DBus.Error.Spawn.ExecFailed: /usr/bin/dbus-launch terminated abnormally without any error message
[41.259s] DEBUG:colcon.colcon_core.event_reactor:joined thread
[41.289s] INFO:colcon.colcon_core.shell:Creating prefix script '/home/user/ws/src/chibi24_b/install/local_setup.ps1'
[41.294s] INFO:colcon.colcon_core.shell:Creating prefix util module '/home/user/ws/src/chibi24_b/install/_local_setup_util_ps1.py'
[41.298s] INFO:colcon.colcon_core.shell:Creating prefix chain script '/home/user/ws/src/chibi24_b/install/setup.ps1'
[41.324s] INFO:colcon.colcon_core.shell:Creating prefix script '/home/user/ws/src/chibi24_b/install/local_setup.sh'
[41.325s] INFO:colcon.colcon_core.shell:Creating prefix util module '/home/user/ws/src/chibi24_b/install/_local_setup_util_sh.py'
[41.326s] INFO:colcon.colcon_core.shell:Creating prefix chain script '/home/user/ws/src/chibi24_b/install/setup.sh'
[41.342s] INFO:colcon.colcon_core.shell:Creating prefix script '/home/user/ws/src/chibi24_b/install/local_setup.bash'
[41.343s] INFO:colcon.colcon_core.shell:Creating prefix chain script '/home/user/ws/src/chibi24_b/install/setup.bash'
[41.358s] INFO:colcon.colcon_core.shell:Creating prefix script '/home/user/ws/src/chibi24_b/install/local_setup.zsh'
[41.359s] INFO:colcon.colcon_core.shell:Creating prefix chain script '/home/user/ws/src/chibi24_b/install/setup.zsh'
