[3.460s] DEBUG:colcon:Command line arguments: ['/usr/bin/colcon', 'build', '--symlink-install', '--cmake-args', '-DCMAKE_BUILD_TYPE=RelWithDebInfo', '--event-handlers', 'console_direct+', '--packages-select', 'b_obstacle_detector']
[3.462s] DEBUG:colcon:Parsed command line arguments: Namespace(log_base=None, log_level=None, verb_name='build', build_base='build', install_base='install', merge_install=False, symlink_install=True, test_result_base=None, continue_on_error=False, executor='parallel', parallel_workers=8, event_handlers=['console_direct+'], ignore_user_meta=False, metas=['./colcon.meta'], base_paths=['.'], packages_ignore=None, packages_ignore_regex=None, paths=None, packages_up_to=None, packages_up_to_regex=None, packages_above=None, packages_above_and_dependencies=None, packages_above_depth=None, packages_select_by_dep=None, packages_skip_by_dep=None, packages_skip_up_to=None, packages_select_build_failed=False, packages_skip_build_finished=False, packages_select_test_failures=False, packages_skip_test_passed=False, packages_select=['b_obstacle_detector'], packages_skip=None, packages_select_regex=None, packages_skip_regex=None, packages_start=None, packages_end=None, cmake_args=['-DCMAKE_BUILD_TYPE=RelWithDebInfo'], cmake_target=None, cmake_target_skip_unavailable=False, cmake_clean_cache=False, cmake_clean_first=False, cmake_force_configure=False, ament_cmake_args=None, catkin_cmake_args=None, catkin_skip_building_tests=False, mixin_files=None, mixin=None, verb_parser=<colcon_mixin.mixin.mixin_argument.MixinArgumentDecorator object at 0x7fd80faca3e0>, verb_extension=<colcon_core.verb.build.BuildVerb object at 0x7fd80fdb3df0>, main=<bound method BuildVerb.main of <colcon_core.verb.build.BuildVerb object at 0x7fd80fdb3df0>>, mixin_verb=('build',))
[3.701s] Level 1:colcon.colcon_core.package_discovery:discover_packages(colcon_meta) check parameters
[3.702s] Level 1:colcon.colcon_core.package_discovery:discover_packages(recursive) check parameters
[3.702s] Level 1:colcon.colcon_core.package_discovery:discover_packages(ignore) check parameters
[3.702s] Level 1:colcon.colcon_core.package_discovery:discover_packages(path) check parameters
[3.702s] Level 1:colcon.colcon_core.package_discovery:discover_packages(colcon_meta) discover
[3.702s] Level 1:colcon.colcon_core.package_discovery:discover_packages(recursive) discover
[3.703s] INFO:colcon.colcon_core.package_discovery:Crawling recursively for packages in '/home/user/ws/src/chibi24_b'
[3.703s] Level 1:colcon.colcon_core.package_identification:_identify(.) by extensions ['ignore', 'ignore_ament_install']
[3.704s] Level 1:colcon.colcon_core.package_identification:_identify(.) by extension 'ignore'
[3.704s] Level 1:colcon.colcon_core.package_identification:_identify(.) by extension 'ignore_ament_install'
[3.705s] Level 1:colcon.colcon_core.package_identification:_identify(.) by extensions ['colcon_pkg']
[3.705s] Level 1:colcon.colcon_core.package_identification:_identify(.) by extension 'colcon_pkg'
[3.705s] Level 1:colcon.colcon_core.package_identification:_identify(.) by extensions ['colcon_meta']
[3.705s] Level 1:colcon.colcon_core.package_identification:_identify(.) by extension 'colcon_meta'
[3.706s] Level 1:colcon.colcon_core.package_identification:_identify(.) by extensions ['ros']
[3.706s] Level 1:colcon.colcon_core.package_identification:_identify(.) by extension 'ros'
[3.755s] Level 1:colcon.colcon_core.package_identification:_identify(.) by extensions ['cmake', 'python']
[3.755s] Level 1:colcon.colcon_core.package_identification:_identify(.) by extension 'cmake'
[3.755s] Level 1:colcon.colcon_core.package_identification:_identify(.) by extension 'python'
[3.755s] Level 1:colcon.colcon_core.package_identification:_identify(.) by extensions ['python_setup_py']
[3.755s] Level 1:colcon.colcon_core.package_identification:_identify(.) by extension 'python_setup_py'
[3.756s] Level 1:colcon.colcon_core.package_identification:_identify(b_obstacle_detector) by extensions ['ignore', 'ignore_ament_install']
[3.756s] Level 1:colcon.colcon_core.package_identification:_identify(b_obstacle_detector) by extension 'ignore'
[3.756s] Level 1:colcon.colcon_core.package_identification:_identify(b_obstacle_detector) by extension 'ignore_ament_install'
[3.757s] Level 1:colcon.colcon_core.package_identification:_identify(b_obstacle_detector) by extensions ['colcon_pkg']
[3.757s] Level 1:colcon.colcon_core.package_identification:_identify(b_obstacle_detector) by extension 'colcon_pkg'
[3.757s] Level 1:colcon.colcon_core.package_identification:_identify(b_obstacle_detector) by extensions ['colcon_meta']
[3.757s] Level 1:colcon.colcon_core.package_identification:_identify(b_obstacle_detector) by extension 'colcon_meta'
[3.757s] Level 1:colcon.colcon_core.package_identification:_identify(b_obstacle_detector) by extensions ['ros']
[3.757s] Level 1:colcon.colcon_core.package_identification:_identify(b_obstacle_detector) by extension 'ros'
[3.778s] DEBUG:colcon.colcon_core.package_identification:Package 'b_obstacle_detector' with type 'ros.ament_cmake' and name 'b_obstacle_detector'
[3.779s] Level 1:colcon.colcon_core.package_identification:_identify(build) by extensions ['ignore', 'ignore_ament_install']
[3.780s] Level 1:colcon.colcon_core.package_identification:_identify(build) by extension 'ignore'
[3.780s] Level 1:colcon.colcon_core.package_identification:_identify(build) ignored
[3.781s] Level 1:colcon.colcon_core.package_identification:_identify(install) by extensions ['ignore', 'ignore_ament_install']
[3.781s] Level 1:colcon.colcon_core.package_identification:_identify(install) by extension 'ignore'
[3.781s] Level 1:colcon.colcon_core.package_identification:_identify(install) ignored
[3.781s] Level 1:colcon.colcon_core.package_identification:_identify(log) by extensions ['ignore', 'ignore_ament_install']
[3.782s] Level 1:colcon.colcon_core.package_identification:_identify(log) by extension 'ignore'
[3.782s] Level 1:colcon.colcon_core.package_identification:_identify(log) ignored
[3.783s] Level 1:colcon.colcon_core.package_identification:_identify(map) by extensions ['ignore', 'ignore_ament_install']
[3.783s] Level 1:colcon.colcon_core.package_identification:_identify(map) by extension 'ignore'
[3.784s] Level 1:colcon.colcon_core.package_identification:_identify(map) by extension 'ignore_ament_install'
[3.784s] Level 1:colcon.colcon_core.package_identification:_identify(map) by extensions ['colcon_pkg']
[3.784s] Level 1:colcon.colcon_core.package_identification:_identify(map) by extension 'colcon_pkg'
[3.784s] Level 1:colcon.colcon_core.package_identification:_identify(map) by extensions ['colcon_meta']
[3.784s] Level 1:colcon.colcon_core.package_identification:_identify(map) by extension 'colcon_meta'
[3.784s] Level 1:colcon.colcon_core.package_identification:_identify(map) by extensions ['ros']
[3.784s] Level 1:colcon.colcon_core.package_identification:_identify(map) by extension 'ros'
[3.785s] Level 1:colcon.colcon_core.package_identification:_identify(map) by extensions ['cmake', 'python']
[3.785s] Level 1:colcon.colcon_core.package_identification:_identify(map) by extension 'cmake'
[3.785s] Level 1:colcon.colcon_core.package_identification:_identify(map) by extension 'python'
[3.785s] Level 1:colcon.colcon_core.package_identification:_identify(map) by extensions ['python_setup_py']
[3.785s] Level 1:colcon.colcon_core.package_identification:_identify(map) by extension 'python_setup_py'
[3.785s] Level 1:colcon.colcon_core.package_discovery:discover_packages(recursive) using defaults
[3.785s] Level 1:colcon.colcon_core.package_discovery:discover_packages(ignore) discover
[3.785s] Level 1:colcon.colcon_core.package_discovery:discover_packages(ignore) using defaults
[3.785s] Level 1:colcon.colcon_core.package_discovery:discover_packages(path) discover
[3.785s] Level 1:colcon.colcon_core.package_discovery:discover_packages(path) using defaults
[4.291s] Level 5:colcon.colcon_core.verb:set package 'b_obstacle_detector' build argument 'cmake_args' from command line to '['-DCMAKE_BUILD_TYPE=RelWithDebInfo']'
[4.291s] Level 5:colcon.colcon_core.verb:set package 'b_obstacle_detector' build argument 'cmake_target' from command line to 'None'
[4.313s] Level 5:colcon.colcon_core.verb:set package 'b_obstacle_detector' build argument 'cmake_target_skip_unavailable' from command line to 'False'
[4.313s] Level 5:colcon.colcon_core.verb:set package 'b_obstacle_detector' build argument 'cmake_clean_cache' from command line to 'False'
[4.313s] Level 5:colcon.colcon_core.verb:set package 'b_obstacle_detector' build argument 'cmake_clean_first' from command line to 'False'
[4.314s] Level 5:colcon.colcon_core.verb:set package 'b_obstacle_detector' build argument 'cmake_force_configure' from command line to 'False'
[4.314s] Level 5:colcon.colcon_core.verb:set package 'b_obstacle_detector' build argument 'ament_cmake_args' from command line to 'None'
[4.314s] Level 5:colcon.colcon_core.verb:set package 'b_obstacle_detector' build argument 'catkin_cmake_args' from command line to 'None'
[4.314s] Level 5:colcon.colcon_core.verb:set package 'b_obstacle_detector' build argument 'catkin_skip_building_tests' from command line to 'False'
[4.314s] DEBUG:colcon.colcon_core.verb:Building package 'b_obstacle_detector' with the following arguments: {'ament_cmake_args': None, 'build_base': '/home/user/ws/src/chibi24_b/build/b_obstacle_detector', 'catkin_cmake_args': None, 'catkin_skip_building_tests': False, 'cmake_args': ['-DCMAKE_BUILD_TYPE=RelWithDebInfo'], 'cmake_clean_cache': False, 'cmake_clean_first': False, 'cmake_force_configure': False, 'cmake_target': None, 'cmake_target_skip_unavailable': False, 'install_base': '/home/user/ws/src/chibi24_b/install/b_obstacle_detector', 'merge_install': False, 'path': '/home/user/ws/src/chibi24_b/b_obstacle_detector', 'symlink_install': True, 'test_result_base': None}
[4.341s] INFO:colcon.colcon_core.executor:Executing jobs using 'parallel' executor
[4.454s] DEBUG:colcon.colcon_parallel_executor.executor.parallel:run_until_complete
[4.557s] INFO:colcon.colcon_ros.task.ament_cmake.build:Building ROS package in '/home/user/ws/src/chibi24_b/b_obstacle_detector' with build type 'ament_cmake'
[4.582s] INFO:colcon.colcon_cmake.task.cmake.build:Building CMake package in '/home/user/ws/src/chibi24_b/b_obstacle_detector'
[4.724s] INFO:colcon.colcon_core.plugin_system:Skipping extension 'colcon_core.shell.bat': Not used on non-Windows systems
[4.724s] INFO:colcon.colcon_core.shell:Skip shell extension 'powershell' for command environment: Not usable outside of PowerShell
[4.724s] DEBUG:colcon.colcon_core.shell:Skip shell extension 'dsv' for command environment
[5.133s] DEBUG:colcon.colcon_core.event_handler.log_command:Invoking command in '/home/user/ws/src/chibi24_b/build/b_obstacle_detector': CMAKE_PREFIX_PATH=${CMAKE_PREFIX_PATH}:/home/user/ws/install/turtlesim_controller_py:/opt/ros/humble /usr/bin/cmake --build /home/user/ws/src/chibi24_b/build/b_obstacle_detector -- -j8 -l8
[39.694s] DEBUG:colcon.colcon_core.event_handler.log_command:Invoked command in '/home/user/ws/src/chibi24_b/build/b_obstacle_detector' returned '2': CMAKE_PREFIX_PATH=${CMAKE_PREFIX_PATH}:/home/user/ws/install/turtlesim_controller_py:/opt/ros/humble /usr/bin/cmake --build /home/user/ws/src/chibi24_b/build/b_obstacle_detector -- -j8 -l8
[39.901s] Level 1:colcon.colcon_core.environment:create_environment_scripts_only(b_obstacle_detector)
[39.990s] Level 1:colcon.colcon_core.environment:checking '/home/user/ws/src/chibi24_b/install/b_obstacle_detector' for CMake module files
[40.005s] Level 1:colcon.colcon_core.environment:checking '/home/user/ws/src/chibi24_b/install/b_obstacle_detector' for CMake config files
[40.009s] Level 1:colcon.colcon_core.shell:create_environment_hook('b_obstacle_detector', 'cmake_prefix_path')
[40.049s] INFO:colcon.colcon_core.shell:Creating environment hook '/home/user/ws/src/chibi24_b/install/b_obstacle_detector/share/b_obstacle_detector/hook/cmake_prefix_path.ps1'
[40.054s] INFO:colcon.colcon_core.shell:Creating environment descriptor '/home/user/ws/src/chibi24_b/install/b_obstacle_detector/share/b_obstacle_detector/hook/cmake_prefix_path.dsv'
[40.057s] INFO:colcon.colcon_core.shell:Creating environment hook '/home/user/ws/src/chibi24_b/install/b_obstacle_detector/share/b_obstacle_detector/hook/cmake_prefix_path.sh'
[40.062s] Level 1:colcon.colcon_core.environment:checking '/home/user/ws/src/chibi24_b/install/b_obstacle_detector/lib'
[40.063s] Level 1:colcon.colcon_core.environment:checking '/home/user/ws/src/chibi24_b/install/b_obstacle_detector/bin'
[40.063s] Level 1:colcon.colcon_core.environment:checking '/home/user/ws/src/chibi24_b/install/b_obstacle_detector/lib/pkgconfig/b_obstacle_detector.pc'
[40.076s] Level 1:colcon.colcon_core.environment:checking '/home/user/ws/src/chibi24_b/install/b_obstacle_detector/lib/python3.10/site-packages'
[40.077s] Level 1:colcon.colcon_core.environment:checking '/home/user/ws/src/chibi24_b/install/b_obstacle_detector/bin'
[40.106s] INFO:colcon.colcon_core.shell:Creating package script '/home/user/ws/src/chibi24_b/install/b_obstacle_detector/share/b_obstacle_detector/package.ps1'
[40.111s] INFO:colcon.colcon_core.shell:Creating package descriptor '/home/user/ws/src/chibi24_b/install/b_obstacle_detector/share/b_obstacle_detector/package.dsv'
[40.114s] INFO:colcon.colcon_core.shell:Creating package script '/home/user/ws/src/chibi24_b/install/b_obstacle_detector/share/b_obstacle_detector/package.sh'
[40.118s] INFO:colcon.colcon_core.shell:Creating package script '/home/user/ws/src/chibi24_b/install/b_obstacle_detector/share/b_obstacle_detector/package.bash'
[40.121s] INFO:colcon.colcon_core.shell:Creating package script '/home/user/ws/src/chibi24_b/install/b_obstacle_detector/share/b_obstacle_detector/package.zsh'
[40.123s] Level 1:colcon.colcon_core.environment:create_file_with_runtime_dependencies(/home/user/ws/src/chibi24_b/install/b_obstacle_detector/share/colcon-core/packages/b_obstacle_detector)
[40.136s] DEBUG:colcon.colcon_parallel_executor.executor.parallel:closing loop
[40.137s] DEBUG:colcon.colcon_parallel_executor.executor.parallel:loop closed
[40.137s] DEBUG:colcon.colcon_parallel_executor.executor.parallel:run_until_complete finished with '2'
[40.138s] DEBUG:colcon.colcon_core.event_reactor:joining thread
[40.248s] INFO:colcon.colcon_core.plugin_system:Skipping extension 'colcon_notification.desktop_notification.notify_send': Could not find 'notify-send'
[40.249s] INFO:colcon.colcon_core.plugin_system:Skipping extension 'colcon_notification.desktop_notification.terminal_notifier': Not used on non-Darwin systems
[40.249s] INFO:colcon.colcon_core.plugin_system:Skipping extension 'colcon_notification.desktop_notification.win32': Not used on non-Windows systems
[40.249s] INFO:colcon.colcon_notification.desktop_notification:Sending desktop notification using 'notify2'
[40.260s] DEBUG:colcon.colcon_notification.desktop_notification.notify2:Failed to initialize notify2: org.freedesktop.DBus.Error.Spawn.ExecFailed: /usr/bin/dbus-launch terminated abnormally without any error message
[40.261s] DEBUG:colcon.colcon_core.event_reactor:joined thread
[40.292s] INFO:colcon.colcon_core.shell:Creating prefix script '/home/user/ws/src/chibi24_b/install/local_setup.ps1'
[40.297s] INFO:colcon.colcon_core.shell:Creating prefix util module '/home/user/ws/src/chibi24_b/install/_local_setup_util_ps1.py'
[40.305s] INFO:colcon.colcon_core.shell:Creating prefix chain script '/home/user/ws/src/chibi24_b/install/setup.ps1'
[40.341s] INFO:colcon.colcon_core.shell:Creating prefix script '/home/user/ws/src/chibi24_b/install/local_setup.sh'
[40.345s] INFO:colcon.colcon_core.shell:Creating prefix util module '/home/user/ws/src/chibi24_b/install/_local_setup_util_sh.py'
[40.348s] INFO:colcon.colcon_core.shell:Creating prefix chain script '/home/user/ws/src/chibi24_b/install/setup.sh'
[40.391s] INFO:colcon.colcon_core.shell:Creating prefix script '/home/user/ws/src/chibi24_b/install/local_setup.bash'
[40.393s] INFO:colcon.colcon_core.shell:Creating prefix chain script '/home/user/ws/src/chibi24_b/install/setup.bash'
[40.434s] INFO:colcon.colcon_core.shell:Creating prefix script '/home/user/ws/src/chibi24_b/install/local_setup.zsh'
[40.437s] INFO:colcon.colcon_core.shell:Creating prefix chain script '/home/user/ws/src/chibi24_b/install/setup.zsh'
