[0.166s] Invoking command in '/home/user/ws/src/chibi24_b/build/b_obstacle_detector': CMAKE_PREFIX_PATH=${CMAKE_PREFIX_PATH}:/home/user/ws/install/turtlesim_controller_py:/opt/ros/humble /usr/bin/cmake --build /home/user/ws/src/chibi24_b/build/b_obstacle_detector -- -j8 -l8
[0.344s] [35m[1mConsolidate compiler generated dependencies of target b_obstacle_detector_node[0m
[0.550s] [ 33%] [32mBuilding CXX object CMakeFiles/b_obstacle_detector_node.dir/src/b_obstacle_detector.cpp.o[0m
[83.127s] [ 66%] [32m[1mLinking CXX executable b_obstacle_detector_node[0m
[84.019s] [100%] Built target b_obstacle_detector_node
[84.295s] Invoked command in '/home/user/ws/src/chibi24_b/build/b_obstacle_detector' returned '0': CMAKE_PREFIX_PATH=${CMAKE_PREFIX_PATH}:/home/user/ws/install/turtlesim_controller_py:/opt/ros/humble /usr/bin/cmake --build /home/user/ws/src/chibi24_b/build/b_obstacle_detector -- -j8 -l8
[84.603s] Invoking command in '/home/user/ws/src/chibi24_b/build/b_obstacle_detector': CMAKE_PREFIX_PATH=${CMAKE_PREFIX_PATH}:/home/user/ws/install/turtlesim_controller_py:/opt/ros/humble /usr/bin/cmake --install /home/user/ws/src/chibi24_b/build/b_obstacle_detector
[84.639s] -- Install configuration: "RelWithDebInfo"
[84.645s] -- Execute custom install script
[84.653s] -- Up-to-date symlink: /home/user/ws/src/chibi24_b/install/b_obstacle_detector/share/b_obstacle_detector//launch/b_obstacle_detector.launch.xml
[84.657s] -- Up-to-date symlink: /home/user/ws/src/chibi24_b/install/b_obstacle_detector/include/b_obstacle_detector/b_obstacle_detector.hpp
[84.662s] -- Up-to-date symlink: /home/user/ws/src/chibi24_b/install/b_obstacle_detector/lib/b_obstacle_detector/b_obstacle_detector_node
[84.663s] -- Up-to-date symlink: /home/user/ws/src/chibi24_b/install/b_obstacle_detector/share/ament_index/resource_index/package_run_dependencies/b_obstacle_detector
[84.665s] -- Up-to-date symlink: /home/user/ws/src/chibi24_b/install/b_obstacle_detector/share/ament_index/resource_index/parent_prefix_path/b_obstacle_detector
[84.671s] -- Up-to-date symlink: /home/user/ws/src/chibi24_b/install/b_obstacle_detector/share/b_obstacle_detector/environment/ament_prefix_path.sh
[84.673s] -- Up-to-date symlink: /home/user/ws/src/chibi24_b/install/b_obstacle_detector/share/b_obstacle_detector/environment/ament_prefix_path.dsv
[84.675s] -- Up-to-date symlink: /home/user/ws/src/chibi24_b/install/b_obstacle_detector/share/b_obstacle_detector/environment/path.sh
[84.678s] -- Up-to-date symlink: /home/user/ws/src/chibi24_b/install/b_obstacle_detector/share/b_obstacle_detector/environment/path.dsv
[84.679s] -- Up-to-date symlink: /home/user/ws/src/chibi24_b/install/b_obstacle_detector/share/b_obstacle_detector/local_setup.bash
[84.681s] -- Up-to-date symlink: /home/user/ws/src/chibi24_b/install/b_obstacle_detector/share/b_obstacle_detector/local_setup.sh
[84.682s] -- Up-to-date symlink: /home/user/ws/src/chibi24_b/install/b_obstacle_detector/share/b_obstacle_detector/local_setup.zsh
[84.686s] -- Up-to-date symlink: /home/user/ws/src/chibi24_b/install/b_obstacle_detector/share/b_obstacle_detector/local_setup.dsv
[84.686s] -- Symlinking: /home/user/ws/src/chibi24_b/install/b_obstacle_detector/share/b_obstacle_detector/package.dsv
[84.710s] -- Up-to-date symlink: /home/user/ws/src/chibi24_b/install/b_obstacle_detector/share/ament_index/resource_index/packages/b_obstacle_detector
[84.712s] -- Up-to-date symlink: /home/user/ws/src/chibi24_b/install/b_obstacle_detector/share/b_obstacle_detector/cmake/ament_cmake_export_dependencies-extras.cmake
[84.714s] -- Up-to-date symlink: /home/user/ws/src/chibi24_b/install/b_obstacle_detector/share/b_obstacle_detector/cmake/ament_cmake_export_include_directories-extras.cmake
[84.716s] -- Up-to-date symlink: /home/user/ws/src/chibi24_b/install/b_obstacle_detector/share/b_obstacle_detector/cmake/b_obstacle_detectorConfig.cmake
[84.717s] -- Up-to-date symlink: /home/user/ws/src/chibi24_b/install/b_obstacle_detector/share/b_obstacle_detector/cmake/b_obstacle_detectorConfig-version.cmake
[84.718s] -- Up-to-date symlink: /home/user/ws/src/chibi24_b/install/b_obstacle_detector/share/b_obstacle_detector/package.xml
[84.753s] Invoked command in '/home/user/ws/src/chibi24_b/build/b_obstacle_detector' returned '0': CMAKE_PREFIX_PATH=${CMAKE_PREFIX_PATH}:/home/user/ws/install/turtlesim_controller_py:/opt/ros/humble /usr/bin/cmake --install /home/user/ws/src/chibi24_b/build/b_obstacle_detector
